build/app/intermediates/manifest_merge_blame_file/debug/manifest-merger-blame-debug-report.txt
1<?xml version="1.0" encoding="utf-8"?>
2<manifest xmlns:android="http://schemas.android.com/apk/res/android"
3    package="com.example.audioplayer"
4    android:versionCode="1"
5    android:versionName="1.0.0" >
6
7    <uses-sdk
8        android:minSdkVersion="21"
9        android:targetSdkVersion="34" />
10    <!--
11         The INTERNET permission is required for development. Specifically,
12         the Flutter tool needs it to communicate with the running application
13         to allow setting breakpoints, to provide hot reload, etc.
14    -->
15    <uses-permission android:name="android.permission.INTERNET" />
15-->src/debug/AndroidManifest.xml:6:5-66
15-->src/debug/AndroidManifest.xml:6:22-64
16    <!--
17     Required to query activities that can process text, see:
18         https://developer.android.com/training/package-visibility and
19         https://developer.android.com/reference/android/content/Intent#ACTION_PROCESS_TEXT.
20
21         In particular, this is used by the Flutter engine in io.flutter.plugin.text.ProcessTextPlugin.
22    -->
23    <queries>
23-->src/main/AndroidManifest.xml:39:5-44:15
24        <intent>
24-->src/main/AndroidManifest.xml:40:9-43:18
25            <action android:name="android.intent.action.PROCESS_TEXT" />
25-->src/main/AndroidManifest.xml:41:13-72
25-->src/main/AndroidManifest.xml:41:21-70
26
27            <data android:mimeType="text/plain" />
27-->src/main/AndroidManifest.xml:42:13-50
27-->src/main/AndroidManifest.xml:42:19-48
28        </intent>
29        <intent>
29-->[androidx.media2:media2-session:1.2.1] AndroidManifest.xml:25:9-27:18
30            <action android:name="android.media.browse.MediaBrowserService" />
30-->[androidx.media2:media2-session:1.2.1] AndroidManifest.xml:26:13-79
30-->[androidx.media2:media2-session:1.2.1] AndroidManifest.xml:26:21-76
31        </intent>
32        <intent>
32-->[androidx.media2:media2-session:1.2.1] AndroidManifest.xml:28:9-30:18
33            <action android:name="androidx.media2.session.MediaSessionService" />
33-->[androidx.media2:media2-session:1.2.1] AndroidManifest.xml:29:13-82
33-->[androidx.media2:media2-session:1.2.1] AndroidManifest.xml:29:21-79
34        </intent>
35        <intent>
35-->[androidx.media2:media2-session:1.2.1] AndroidManifest.xml:31:9-33:18
36            <action android:name="androidx.media2.session.MediaLibraryService" />
36-->[androidx.media2:media2-session:1.2.1] AndroidManifest.xml:32:13-82
36-->[androidx.media2:media2-session:1.2.1] AndroidManifest.xml:32:21-79
37        </intent>
38    </queries>
39
40    <uses-permission android:name="android.permission.ACCESS_NETWORK_STATE" />
40-->[com.google.android.exoplayer:exoplayer-core:2.18.7] AndroidManifest.xml:24:5-79
40-->[com.google.android.exoplayer:exoplayer-core:2.18.7] AndroidManifest.xml:24:22-76
41
42    <permission
42-->[androidx.core:core:1.13.1] AndroidManifest.xml:22:5-24:47
43        android:name="com.example.audioplayer.DYNAMIC_RECEIVER_NOT_EXPORTED_PERMISSION"
43-->[androidx.core:core:1.13.1] AndroidManifest.xml:23:9-81
44        android:protectionLevel="signature" />
44-->[androidx.core:core:1.13.1] AndroidManifest.xml:24:9-44
45
46    <uses-permission android:name="com.example.audioplayer.DYNAMIC_RECEIVER_NOT_EXPORTED_PERMISSION" />
46-->[androidx.core:core:1.13.1] AndroidManifest.xml:26:5-97
46-->[androidx.core:core:1.13.1] AndroidManifest.xml:26:22-94
47
48    <application
49        android:name="android.app.Application"
49-->src/main/AndroidManifest.xml:4:9-42
50        android:appComponentFactory="androidx.core.app.CoreComponentFactory"
50-->[androidx.core:core:1.13.1] AndroidManifest.xml:28:18-86
51        android:debuggable="true"
52        android:icon="@mipmap/ic_launcher"
52-->src/main/AndroidManifest.xml:5:9-43
53        android:label="audioplayer"
53-->src/main/AndroidManifest.xml:3:9-36
54        android:usesCleartextTraffic="true" >
54-->src/debug/AndroidManifest.xml:8:9-44
55
56        <!-- Other application attributes like name, theme, etc. -->
57        <activity
57-->src/main/AndroidManifest.xml:6:9-27:20
58            android:name="com.example.audioplayer.MainActivity"
58-->src/main/AndroidManifest.xml:7:13-41
59            android:configChanges="orientation|keyboardHidden|keyboard|screenSize|smallestScreenSize|locale|layoutDirection|fontScale|screenLayout|density|uiMode"
59-->src/main/AndroidManifest.xml:12:13-163
60            android:exported="true"
60-->src/main/AndroidManifest.xml:8:13-36
61            android:hardwareAccelerated="true"
61-->src/main/AndroidManifest.xml:13:13-47
62            android:launchMode="singleTop"
62-->src/main/AndroidManifest.xml:9:13-43
63            android:taskAffinity=""
63-->src/main/AndroidManifest.xml:10:13-36
64            android:theme="@style/LaunchTheme"
64-->src/main/AndroidManifest.xml:11:13-47
65            android:windowSoftInputMode="adjustResize" >
65-->src/main/AndroidManifest.xml:14:13-55
66
67            <!--
68                 Specifies an Android theme to apply to this Activity as soon as
69                 the Android process has started. This theme is visible to the user
70                 while the Flutter UI initializes. After that, this theme continues
71                 to determine the Window background behind the Flutter UI.
72            -->
73            <meta-data
73-->src/main/AndroidManifest.xml:19:13-22:17
74                android:name="io.flutter.embedding.android.NormalTheme"
74-->src/main/AndroidManifest.xml:20:15-70
75                android:resource="@style/NormalTheme" />
75-->src/main/AndroidManifest.xml:21:15-52
76
77            <intent-filter>
77-->src/main/AndroidManifest.xml:23:13-26:29
78                <action android:name="android.intent.action.MAIN" />
78-->src/main/AndroidManifest.xml:24:17-68
78-->src/main/AndroidManifest.xml:24:25-66
79
80                <category android:name="android.intent.category.LAUNCHER" />
80-->src/main/AndroidManifest.xml:25:17-76
80-->src/main/AndroidManifest.xml:25:27-74
81            </intent-filter>
82        </activity>
83        <!--
84 Don't delete the meta-data below.
85             This is used by the Flutter tool to generate GeneratedPluginRegistrant.java
86        -->
87        <meta-data
87-->src/main/AndroidManifest.xml:30:9-32:33
88            android:name="flutterEmbedding"
88-->src/main/AndroidManifest.xml:31:13-44
89            android:value="2" />
89-->src/main/AndroidManifest.xml:32:13-30
90
91        <uses-library
91-->[androidx.window:window:1.2.0] AndroidManifest.xml:23:9-25:40
92            android:name="androidx.window.extensions"
92-->[androidx.window:window:1.2.0] AndroidManifest.xml:24:13-54
93            android:required="false" />
93-->[androidx.window:window:1.2.0] AndroidManifest.xml:25:13-37
94        <uses-library
94-->[androidx.window:window:1.2.0] AndroidManifest.xml:26:9-28:40
95            android:name="androidx.window.sidecar"
95-->[androidx.window:window:1.2.0] AndroidManifest.xml:27:13-51
96            android:required="false" />
96-->[androidx.window:window:1.2.0] AndroidManifest.xml:28:13-37
97
98        <provider
98-->[androidx.lifecycle:lifecycle-process:2.7.0] AndroidManifest.xml:24:9-32:20
99            android:name="androidx.startup.InitializationProvider"
99-->[androidx.lifecycle:lifecycle-process:2.7.0] AndroidManifest.xml:25:13-67
100            android:authorities="com.example.audioplayer.androidx-startup"
100-->[androidx.lifecycle:lifecycle-process:2.7.0] AndroidManifest.xml:26:13-68
101            android:exported="false" >
101-->[androidx.lifecycle:lifecycle-process:2.7.0] AndroidManifest.xml:27:13-37
102            <meta-data
102-->[androidx.lifecycle:lifecycle-process:2.7.0] AndroidManifest.xml:29:13-31:52
103                android:name="androidx.lifecycle.ProcessLifecycleInitializer"
103-->[androidx.lifecycle:lifecycle-process:2.7.0] AndroidManifest.xml:30:17-78
104                android:value="androidx.startup" />
104-->[androidx.lifecycle:lifecycle-process:2.7.0] AndroidManifest.xml:31:17-49
105            <meta-data
105-->[androidx.profileinstaller:profileinstaller:1.3.1] AndroidManifest.xml:29:13-31:52
106                android:name="androidx.profileinstaller.ProfileInstallerInitializer"
106-->[androidx.profileinstaller:profileinstaller:1.3.1] AndroidManifest.xml:30:17-85
107                android:value="androidx.startup" />
107-->[androidx.profileinstaller:profileinstaller:1.3.1] AndroidManifest.xml:31:17-49
108        </provider>
109
110        <receiver
110-->[androidx.profileinstaller:profileinstaller:1.3.1] AndroidManifest.xml:34:9-52:20
111            android:name="androidx.profileinstaller.ProfileInstallReceiver"
111-->[androidx.profileinstaller:profileinstaller:1.3.1] AndroidManifest.xml:35:13-76
112            android:directBootAware="false"
112-->[androidx.profileinstaller:profileinstaller:1.3.1] AndroidManifest.xml:36:13-44
113            android:enabled="true"
113-->[androidx.profileinstaller:profileinstaller:1.3.1] AndroidManifest.xml:37:13-35
114            android:exported="true"
114-->[androidx.profileinstaller:profileinstaller:1.3.1] AndroidManifest.xml:38:13-36
115            android:permission="android.permission.DUMP" >
115-->[androidx.profileinstaller:profileinstaller:1.3.1] AndroidManifest.xml:39:13-57
116            <intent-filter>
116-->[androidx.profileinstaller:profileinstaller:1.3.1] AndroidManifest.xml:40:13-42:29
117                <action android:name="androidx.profileinstaller.action.INSTALL_PROFILE" />
117-->[androidx.profileinstaller:profileinstaller:1.3.1] AndroidManifest.xml:41:17-91
117-->[androidx.profileinstaller:profileinstaller:1.3.1] AndroidManifest.xml:41:25-88
118            </intent-filter>
119            <intent-filter>
119-->[androidx.profileinstaller:profileinstaller:1.3.1] AndroidManifest.xml:43:13-45:29
120                <action android:name="androidx.profileinstaller.action.SKIP_FILE" />
120-->[androidx.profileinstaller:profileinstaller:1.3.1] AndroidManifest.xml:44:17-85
120-->[androidx.profileinstaller:profileinstaller:1.3.1] AndroidManifest.xml:44:25-82
121            </intent-filter>
122            <intent-filter>
122-->[androidx.profileinstaller:profileinstaller:1.3.1] AndroidManifest.xml:46:13-48:29
123                <action android:name="androidx.profileinstaller.action.SAVE_PROFILE" />
123-->[androidx.profileinstaller:profileinstaller:1.3.1] AndroidManifest.xml:47:17-88
123-->[androidx.profileinstaller:profileinstaller:1.3.1] AndroidManifest.xml:47:25-85
124            </intent-filter>
125            <intent-filter>
125-->[androidx.profileinstaller:profileinstaller:1.3.1] AndroidManifest.xml:49:13-51:29
126                <action android:name="androidx.profileinstaller.action.BENCHMARK_OPERATION" />
126-->[androidx.profileinstaller:profileinstaller:1.3.1] AndroidManifest.xml:50:17-95
126-->[androidx.profileinstaller:profileinstaller:1.3.1] AndroidManifest.xml:50:25-92
127            </intent-filter>
128        </receiver>
129    </application>
130
131</manifest>